Using pre-set license
Built from '2020.3/staging' branch; Version is '2020.3.0f1 (c7b5465681fb) revision 13088070'; Using compiler version '192528614'; Build Type 'Release'
OS: 'Windows 10 Home; OS build 19041.1083; Version 2004; 64bit' Language: 'en' Physical Memory: 16305 MB
BatchMode: 1, IsHumanControllingUs: 0, StartBugReporterOnCrash: 0, Is64bit: 1, IsPro: 0

 COMMAND LINE ARGUMENTS:
D:\UnityEditors\2020.3.0f1\Editor\Unity.exe
-adb2
-batchMode
-noUpm
-name
AssetImportWorker0
-projectPath
D:/GitHubRepos/1 month jam - july 2021
-logFile
Logs/AssetImportWorker0.log
-srvPort
61928
Successfully changed project path to: D:/GitHubRepos/1 month jam - july 2021
D:/GitHubRepos/1 month jam - july 2021
Using Asset Import Pipeline V2.
Refreshing native plugins compatible for Editor in 35.06 ms, found 1 plugins.
Preloading 0 native plugins for Editor in 0.00 ms.
Initialize engine version: 2020.3.0f1 (c7b5465681fb)
[Subsystems] Discovering subsystems at path D:/UnityEditors/2020.3.0f1/Editor/Data/Resources/UnitySubsystems
[Subsystems] Discovering subsystems at path D:/GitHubRepos/1 month jam - july 2021/Assets
GfxDevice: creating device client; threaded=0
Direct3D:
    Version:  Direct3D 11.0 [level 11.1]
    Renderer: NVIDIA GeForce GTX 1080 (ID=0x1b80)
    Vendor:   
    VRAM:     8079 MB
    Driver:   30.0.14.7111
Initialize mono
Mono path[0] = 'D:/UnityEditors/2020.3.0f1/Editor/Data/Managed'
Mono path[1] = 'D:/UnityEditors/2020.3.0f1/Editor/Data/MonoBleedingEdge/lib/mono/unityjit'
Mono config path = 'D:/UnityEditors/2020.3.0f1/Editor/Data/MonoBleedingEdge/etc'
Using monoOptions --debugger-agent=transport=dt_socket,embedding=1,server=y,suspend=n,address=127.0.0.1:56516
Begin MonoManager ReloadAssembly
Registering precompiled unity dll's ...
Register platform support module: D:/UnityEditors/2020.3.0f1/Editor/Data/PlaybackEngines/WebGLSupport/UnityEditor.WebGL.Extensions.dll
Register platform support module: D:/UnityEditors/2020.3.0f1/Editor/Data/PlaybackEngines/WindowsStandaloneSupport/UnityEditor.WindowsStandalone.Extensions.dll
Registered in 0.000901 seconds.
Native extension for WindowsStandalone target not found
Native extension for WebGL target not found
Refreshing native plugins compatible for Editor in 33.89 ms, found 1 plugins.
Preloading 0 native plugins for Editor in 0.00 ms.
Invoked RoslynAnalysisRunner static constructor.
RoslynAnalysisRunner will not be running.
RoslynAnalysisRunner has terminated.
Mono: successfully reloaded assembly
- Completed reload, in  0.748 seconds
Platform modules already initialized, skipping
Registering precompiled user dll's ...
Registered in 0.000966 seconds.
Begin MonoManager ReloadAssembly
Native extension for WindowsStandalone target not found
Native extension for WebGL target not found
Refreshing native plugins compatible for Editor in 39.04 ms, found 1 plugins.
Preloading 0 native plugins for Editor in 0.00 ms.
Invoked RoslynAnalysisRunner static constructor.
RoslynAnalysisRunner will not be running.
RoslynAnalysisRunner has terminated.
Mono: successfully reloaded assembly
- Completed reload, in  1.309 seconds
Platform modules already initialized, skipping
========================================================================
Worker process is ready to serve import requests
Launched and connected shader compiler UnityShaderCompiler.exe after 0.03 seconds
Refreshing native plugins compatible for Editor in 0.34 ms, found 1 plugins.
Preloading 0 native plugins for Editor in 0.00 ms.
Unloading 2112 Unused Serialized files (Serialized files now loaded: 0)
System memory in use before: 101.8 MB.
System memory in use after: 101.8 MB.

Unloading 25 unused Assets to reduce memory usage. Loaded Objects now: 2557.
Total: 2.052700 ms (FindLiveObjects: 0.238100 ms CreateObjectMapping: 0.107200 ms MarkObjects: 1.592400 ms  DeleteObjects: 0.114300 ms)

========================================================================
Received Prepare
Registering precompiled user dll's ...
Registered in 0.000747 seconds.
Begin MonoManager ReloadAssembly
Native extension for WindowsStandalone target not found
Native extension for WebGL target not found
Refreshing native plugins compatible for Editor in 0.37 ms, found 1 plugins.
Preloading 0 native plugins for Editor in 0.00 ms.
Invoked RoslynAnalysisRunner static constructor.
RoslynAnalysisRunner will not be running.
RoslynAnalysisRunner has terminated.
Mono: successfully reloaded assembly
- Completed reload, in  0.745 seconds
Platform modules already initialized, skipping
Refreshing native plugins compatible for Editor in 0.38 ms, found 1 plugins.
Preloading 0 native plugins for Editor in 0.00 ms.
Unloading 2077 Unused Serialized files (Serialized files now loaded: 0)
System memory in use before: 99.5 MB.
System memory in use after: 99.5 MB.

Unloading 13 unused Assets to reduce memory usage. Loaded Objects now: 2561.
Total: 2.243400 ms (FindLiveObjects: 0.211700 ms CreateObjectMapping: 0.091200 ms MarkObjects: 1.852000 ms  DeleteObjects: 0.087700 ms)

========================================================================
Received Import Request.
  path: Assets/Scriptable Objects/SO Scripts/SpawnSequenceSO.cs
  artifactKey: Guid(e4a00554cd5989648a9866f031fbae69) Importer(815301076,1909f56bfc062723c751e8b465ee728b)
Start importing Assets/Scriptable Objects/SO Scripts/SpawnSequenceSO.cs using Guid(e4a00554cd5989648a9866f031fbae69) Importer(815301076,1909f56bfc062723c751e8b465ee728b)  -> (artifact id: 'fda5fd50d67964c791a691fad47d8ea2') in 0.024609 seconds
  Import took 0.027665 seconds .

========================================================================
Received Prepare
Registering precompiled user dll's ...
Registered in 0.000735 seconds.
Begin MonoManager ReloadAssembly
Native extension for WindowsStandalone target not found
Native extension for WebGL target not found
Refreshing native plugins compatible for Editor in 0.36 ms, found 1 plugins.
Preloading 0 native plugins for Editor in 0.00 ms.
Invoked RoslynAnalysisRunner static constructor.
RoslynAnalysisRunner will not be running.
RoslynAnalysisRunner has terminated.
Mono: successfully reloaded assembly
- Completed reload, in  0.727 seconds
Platform modules already initialized, skipping
Refreshing native plugins compatible for Editor in 0.40 ms, found 1 plugins.
Preloading 0 native plugins for Editor in 0.00 ms.
Unloading 2077 Unused Serialized files (Serialized files now loaded: 0)
System memory in use before: 99.5 MB.
System memory in use after: 99.5 MB.

Unloading 13 unused Assets to reduce memory usage. Loaded Objects now: 2565.
Total: 1.954400 ms (FindLiveObjects: 0.176800 ms CreateObjectMapping: 0.067100 ms MarkObjects: 1.598300 ms  DeleteObjects: 0.111500 ms)

========================================================================
Received Import Request.
  Time since last request: 10.273224 seconds.
  path: Assets/Scriptable Objects/Spawn Sequences
  artifactKey: Guid(eb16249802a0a3e47abba57a38d9209e) Importer(815301076,1909f56bfc062723c751e8b465ee728b)
Start importing Assets/Scriptable Objects/Spawn Sequences using Guid(eb16249802a0a3e47abba57a38d9209e) Importer(815301076,1909f56bfc062723c751e8b465ee728b)  -> (artifact id: '2d907cd594b0208233fffe46db40d47a') in 0.006874 seconds
  Import took 0.009883 seconds .

========================================================================
Received Import Request.
  Time since last request: 0.000516 seconds.
  path: Assets/Scriptable Objects/Spawn Sequences
  artifactKey: Guid(eb16249802a0a3e47abba57a38d9209e) Importer(815301076,1909f56bfc062723c751e8b465ee728b)
Start importing Assets/Scriptable Objects/Spawn Sequences using Guid(eb16249802a0a3e47abba57a38d9209e) Importer(815301076,1909f56bfc062723c751e8b465ee728b)  -> (artifact id: '2d907cd594b0208233fffe46db40d47a') in 0.001104 seconds
  Import took 0.003743 seconds .

========================================================================
Received Prepare
Registering precompiled user dll's ...
Registered in 0.000796 seconds.
Begin MonoManager ReloadAssembly
Native extension for WindowsStandalone target not found
Native extension for WebGL target not found
Refreshing native plugins compatible for Editor in 0.36 ms, found 1 plugins.
Preloading 0 native plugins for Editor in 0.00 ms.
Invoked RoslynAnalysisRunner static constructor.
RoslynAnalysisRunner will not be running.
RoslynAnalysisRunner has terminated.
Mono: successfully reloaded assembly
- Completed reload, in  0.724 seconds
Platform modules already initialized, skipping
Refreshing native plugins compatible for Editor in 0.62 ms, found 1 plugins.
Preloading 0 native plugins for Editor in 0.00 ms.
Unloading 2077 Unused Serialized files (Serialized files now loaded: 0)
System memory in use before: 99.5 MB.
System memory in use after: 99.5 MB.

Unloading 13 unused Assets to reduce memory usage. Loaded Objects now: 2569.
Total: 2.647800 ms (FindLiveObjects: 0.359300 ms CreateObjectMapping: 0.146400 ms MarkObjects: 2.042900 ms  DeleteObjects: 0.098000 ms)

========================================================================
Received Import Request.
  Time since last request: 113.160348 seconds.
  path: Assets/Scriptable Objects/SO Scripts/SpawnSequenceSO.cs
  artifactKey: Guid(e4a00554cd5989648a9866f031fbae69) Importer(815301076,1909f56bfc062723c751e8b465ee728b)
Start importing Assets/Scriptable Objects/SO Scripts/SpawnSequenceSO.cs using Guid(e4a00554cd5989648a9866f031fbae69) Importer(815301076,1909f56bfc062723c751e8b465ee728b)  -> (artifact id: '898d93958a6860876fd5a58e0e68df42') in 0.003650 seconds
  Import took 0.010056 seconds .

========================================================================
Received Import Request.
  Time since last request: 149.918660 seconds.
  path: Assets/Scriptable Objects/SO Scripts/DifficultyLevelSO.cs
  artifactKey: Guid(790d6e59e88d8e84486495b8ee5b8777) Importer(815301076,1909f56bfc062723c751e8b465ee728b)
Start importing Assets/Scriptable Objects/SO Scripts/DifficultyLevelSO.cs using Guid(790d6e59e88d8e84486495b8ee5b8777) Importer(815301076,1909f56bfc062723c751e8b465ee728b)  -> (artifact id: 'b089f950b80bdd9e3486fd4e3d64f07a') in 0.005255 seconds
  Import took 0.011761 seconds .

========================================================================
Received Import Request.
  Time since last request: 8.358080 seconds.
  path: Assets/Scriptable Objects/SO Scripts/DifficultyLevelSO.cs
  artifactKey: Guid(790d6e59e88d8e84486495b8ee5b8777) Importer(815301076,1909f56bfc062723c751e8b465ee728b)
Start importing Assets/Scriptable Objects/SO Scripts/DifficultyLevelSO.cs using Guid(790d6e59e88d8e84486495b8ee5b8777) Importer(815301076,1909f56bfc062723c751e8b465ee728b)  -> (artifact id: '78f0a9c6fbb1544a77a5f7ecd036829e') in 0.001437 seconds
  Import took 0.007736 seconds .

========================================================================
Received Import Request.
  Time since last request: 0.002434 seconds.
  path: Assets/Scriptable Objects/SO Scripts/DifficultyLevelSO.cs
  artifactKey: Guid(790d6e59e88d8e84486495b8ee5b8777) Importer(815301076,1909f56bfc062723c751e8b465ee728b)
Start importing Assets/Scriptable Objects/SO Scripts/DifficultyLevelSO.cs using Guid(790d6e59e88d8e84486495b8ee5b8777) Importer(815301076,1909f56bfc062723c751e8b465ee728b)  -> (artifact id: '78f0a9c6fbb1544a77a5f7ecd036829e') in 0.001327 seconds
  Import took 0.004109 seconds .

========================================================================
Received Prepare
Registering precompiled user dll's ...
Registered in 0.000770 seconds.
Begin MonoManager ReloadAssembly
Native extension for WindowsStandalone target not found
Native extension for WebGL target not found
Refreshing native plugins compatible for Editor in 0.37 ms, found 1 plugins.
Preloading 0 native plugins for Editor in 0.00 ms.
Invoked RoslynAnalysisRunner static constructor.
RoslynAnalysisRunner will not be running.
RoslynAnalysisRunner has terminated.
Mono: successfully reloaded assembly
- Completed reload, in  0.730 seconds
Platform modules already initialized, skipping
Refreshing native plugins compatible for Editor in 0.35 ms, found 1 plugins.
Preloading 0 native plugins for Editor in 0.00 ms.
Unloading 2077 Unused Serialized files (Serialized files now loaded: 0)
System memory in use before: 99.6 MB.
System memory in use after: 99.6 MB.

Unloading 13 unused Assets to reduce memory usage. Loaded Objects now: 2573.
Total: 2.119500 ms (FindLiveObjects: 0.182600 ms CreateObjectMapping: 0.070900 ms MarkObjects: 1.776300 ms  DeleteObjects: 0.088900 ms)

========================================================================
Received Import Request.
  Time since last request: 54.396532 seconds.
  path: Assets/Scriptable Objects/Difficulty Settings/DifficultyLevelSettingsSO.asset
  artifactKey: Guid(2aea677d28ba2094287e95649d22a96b) Importer(815301076,1909f56bfc062723c751e8b465ee728b)
Start importing Assets/Scriptable Objects/Difficulty Settings/DifficultyLevelSettingsSO.asset using Guid(2aea677d28ba2094287e95649d22a96b) Importer(815301076,1909f56bfc062723c751e8b465ee728b)  -> (artifact id: 'ff25bf244af82730b2e5ba2bc25453fb') in 0.020007 seconds
  Import took 0.023033 seconds .

========================================================================
Received Import Request.
  Time since last request: 0.002152 seconds.
  path: Assets/Scriptable Objects/Difficulty Settings/DifficultyLevelSettingsSO.asset
  artifactKey: Guid(2aea677d28ba2094287e95649d22a96b) Importer(815301076,1909f56bfc062723c751e8b465ee728b)
Start importing Assets/Scriptable Objects/Difficulty Settings/DifficultyLevelSettingsSO.asset using Guid(2aea677d28ba2094287e95649d22a96b) Importer(815301076,1909f56bfc062723c751e8b465ee728b)  -> (artifact id: 'ff25bf244af82730b2e5ba2bc25453fb') in 0.001412 seconds
  Import took 0.004001 seconds .

========================================================================
Received Import Request.
  Time since last request: 4.615746 seconds.
  path: Assets/Scriptable Objects/SO Scripts/SpawnSequenceSO.cs
  artifactKey: Guid(e4a00554cd5989648a9866f031fbae69) Importer(815301076,1909f56bfc062723c751e8b465ee728b)
Start importing Assets/Scriptable Objects/SO Scripts/SpawnSequenceSO.cs using Guid(e4a00554cd5989648a9866f031fbae69) Importer(815301076,1909f56bfc062723c751e8b465ee728b)  -> (artifact id: '31901d4bfa040b4e1e51da0b275939b2') in 0.001177 seconds
  Import took 0.007339 seconds .

========================================================================
Received Prepare
Registering precompiled user dll's ...
Registered in 0.000791 seconds.
Begin MonoManager ReloadAssembly
Native extension for WindowsStandalone target not found
Native extension for WebGL target not found
Refreshing native plugins compatible for Editor in 0.36 ms, found 1 plugins.
Preloading 0 native plugins for Editor in 0.00 ms.
Invoked RoslynAnalysisRunner static constructor.
RoslynAnalysisRunner will not be running.
RoslynAnalysisRunner has terminated.
Mono: successfully reloaded assembly
- Completed reload, in  0.734 seconds
Platform modules already initialized, skipping
Refreshing native plugins compatible for Editor in 0.42 ms, found 1 plugins.
Preloading 0 native plugins for Editor in 0.00 ms.
Unloading 2077 Unused Serialized files (Serialized files now loaded: 0)
System memory in use before: 99.6 MB.
System memory in use after: 99.6 MB.

Unloading 13 unused Assets to reduce memory usage. Loaded Objects now: 2577.
Total: 2.425900 ms (FindLiveObjects: 0.298400 ms CreateObjectMapping: 0.127700 ms MarkObjects: 1.908000 ms  DeleteObjects: 0.090400 ms)

========================================================================
Received Import Request.
  Time since last request: 21.526716 seconds.
  path: Assets/Scriptable Objects/SO Scripts/SpawnSequenceSO.cs
  artifactKey: Guid(e4a00554cd5989648a9866f031fbae69) Importer(815301076,1909f56bfc062723c751e8b465ee728b)
Start importing Assets/Scriptable Objects/SO Scripts/SpawnSequenceSO.cs using Guid(e4a00554cd5989648a9866f031fbae69) Importer(815301076,1909f56bfc062723c751e8b465ee728b)  -> (artifact id: '9f12e47b80a91afc1f171c1fe7ef9d2a') in 0.005415 seconds
  Import took 0.011725 seconds .

========================================================================
Received Prepare
Registering precompiled user dll's ...
Registered in 0.001332 seconds.
Begin MonoManager ReloadAssembly
Native extension for WindowsStandalone target not found
Native extension for WebGL target not found
Refreshing native plugins compatible for Editor in 0.39 ms, found 1 plugins.
Preloading 0 native plugins for Editor in 0.00 ms.
Invoked RoslynAnalysisRunner static constructor.
RoslynAnalysisRunner will not be running.
RoslynAnalysisRunner has terminated.
Mono: successfully reloaded assembly
- Completed reload, in  0.765 seconds
Platform modules already initialized, skipping
Refreshing native plugins compatible for Editor in 0.37 ms, found 1 plugins.
Preloading 0 native plugins for Editor in 0.00 ms.
Unloading 2077 Unused Serialized files (Serialized files now loaded: 0)
System memory in use before: 99.6 MB.
System memory in use after: 99.6 MB.

Unloading 13 unused Assets to reduce memory usage. Loaded Objects now: 2581.
Total: 2.149200 ms (FindLiveObjects: 0.191700 ms CreateObjectMapping: 0.080100 ms MarkObjects: 1.785700 ms  DeleteObjects: 0.090900 ms)

========================================================================
Received Import Request.
  Time since last request: 96.500734 seconds.
  path: Assets/Scriptable Objects/SO Scripts/SpawnableObject.cs
  artifactKey: Guid(ba8c1c63da104bf4787ffc4a6b6e814a) Importer(815301076,1909f56bfc062723c751e8b465ee728b)
Start importing Assets/Scriptable Objects/SO Scripts/SpawnableObject.cs using Guid(ba8c1c63da104bf4787ffc4a6b6e814a) Importer(815301076,1909f56bfc062723c751e8b465ee728b)  -> (artifact id: 'daac9e23025377271e3b8050ec0af7b9') in 0.006451 seconds
  Import took 0.012589 seconds .

========================================================================
Received Prepare
Registering precompiled user dll's ...
Registered in 0.000848 seconds.
Begin MonoManager ReloadAssembly
Native extension for WindowsStandalone target not found
Native extension for WebGL target not found
Refreshing native plugins compatible for Editor in 0.36 ms, found 1 plugins.
Preloading 0 native plugins for Editor in 0.00 ms.
Invoked RoslynAnalysisRunner static constructor.
RoslynAnalysisRunner will not be running.
RoslynAnalysisRunner has terminated.
Mono: successfully reloaded assembly
- Completed reload, in  0.721 seconds
Platform modules already initialized, skipping
Refreshing native plugins compatible for Editor in 0.36 ms, found 1 plugins.
Preloading 0 native plugins for Editor in 0.00 ms.
Unloading 2077 Unused Serialized files (Serialized files now loaded: 0)
System memory in use before: 99.6 MB.
System memory in use after: 99.6 MB.

Unloading 13 unused Assets to reduce memory usage. Loaded Objects now: 2585.
Total: 2.023000 ms (FindLiveObjects: 0.192300 ms CreateObjectMapping: 0.081500 ms MarkObjects: 1.659500 ms  DeleteObjects: 0.088800 ms)

========================================================================
Received Import Request.
  Time since last request: 50.534433 seconds.
  path: Assets/Scriptable Objects/Spawnable Objects
  artifactKey: Guid(457aeb9bb07c3274386aea2ef7d9bbb6) Importer(815301076,1909f56bfc062723c751e8b465ee728b)
Start importing Assets/Scriptable Objects/Spawnable Objects using Guid(457aeb9bb07c3274386aea2ef7d9bbb6) Importer(815301076,1909f56bfc062723c751e8b465ee728b)  -> (artifact id: '29e18edc1915568b919df15c8d01dc01') in 0.006570 seconds
  Import took 0.009821 seconds .

========================================================================
Received Import Request.
  Time since last request: 0.000290 seconds.
  path: Assets/Scriptable Objects/Spawnable Objects
  artifactKey: Guid(457aeb9bb07c3274386aea2ef7d9bbb6) Importer(815301076,1909f56bfc062723c751e8b465ee728b)
Start importing Assets/Scriptable Objects/Spawnable Objects using Guid(457aeb9bb07c3274386aea2ef7d9bbb6) Importer(815301076,1909f56bfc062723c751e8b465ee728b)  -> (artifact id: '29e18edc1915568b919df15c8d01dc01') in 0.001172 seconds
  Import took 0.003707 seconds .

========================================================================
Received Import Request.
  Time since last request: 6.724468 seconds.
  path: Assets/Scriptable Objects/ProjectileSettings/EasyStraightProjectileSO.asset
  artifactKey: Guid(58e07c7210c174643b0dc4816237b352) Importer(815301076,1909f56bfc062723c751e8b465ee728b)
Start importing Assets/Scriptable Objects/ProjectileSettings/EasyStraightProjectileSO.asset using Guid(58e07c7210c174643b0dc4816237b352) Importer(815301076,1909f56bfc062723c751e8b465ee728b)  -> (artifact id: '193497852d4982c8345e3e772f169b9d') in 0.012426 seconds
  Import took 0.018424 seconds .

========================================================================
Received Import Request.
  Time since last request: 8.840194 seconds.
  path: Assets/Scriptable Objects/ProjectileSettings/EasyStraightProjectileSettingsSO.asset
  artifactKey: Guid(58e07c7210c174643b0dc4816237b352) Importer(815301076,1909f56bfc062723c751e8b465ee728b)
Start importing Assets/Scriptable Objects/ProjectileSettings/EasyStraightProjectileSettingsSO.asset using Guid(58e07c7210c174643b0dc4816237b352) Importer(815301076,1909f56bfc062723c751e8b465ee728b)  -> (artifact id: '67ef97f1297e611fcbdce5307dde0f48') in 0.005587 seconds
  Import took 0.008846 seconds .

========================================================================
Received Import Request.
  Time since last request: 0.033151 seconds.
  path: Assets/Scriptable Objects/ProjectileSettings/EasyWavingProjectileSO.asset
  artifactKey: Guid(ec779b050c97aaa418f1900266501dae) Importer(815301076,1909f56bfc062723c751e8b465ee728b)
Start importing Assets/Scriptable Objects/ProjectileSettings/EasyWavingProjectileSO.asset using Guid(ec779b050c97aaa418f1900266501dae) Importer(815301076,1909f56bfc062723c751e8b465ee728b)  -> (artifact id: '0b18e46d83339eaa7182cd9d0df6724a') in 0.005479 seconds
  Import took 0.008576 seconds .

========================================================================
Received Import Request.
  Time since last request: 0.001763 seconds.
  path: Assets/Scriptable Objects/ProjectileSettings/EasyWavingProjectileSO.asset
  artifactKey: Guid(ec779b050c97aaa418f1900266501dae) Importer(815301076,1909f56bfc062723c751e8b465ee728b)
Start importing Assets/Scriptable Objects/ProjectileSettings/EasyWavingProjectileSO.asset using Guid(ec779b050c97aaa418f1900266501dae) Importer(815301076,1909f56bfc062723c751e8b465ee728b)  -> (artifact id: '0b18e46d83339eaa7182cd9d0df6724a') in 0.001643 seconds
  Import took 0.004430 seconds .

========================================================================
Received Import Request.
  Time since last request: 4.441588 seconds.
  path: Assets/Scriptable Objects/ProjectileSettings/EasyWavingProjectileSettingsSO.asset
  artifactKey: Guid(ec779b050c97aaa418f1900266501dae) Importer(815301076,1909f56bfc062723c751e8b465ee728b)
Start importing Assets/Scriptable Objects/ProjectileSettings/EasyWavingProjectileSettingsSO.asset using Guid(ec779b050c97aaa418f1900266501dae) Importer(815301076,1909f56bfc062723c751e8b465ee728b)  -> (artifact id: '0162e38385c65fb1de8c9a48ef415604') in 0.005763 seconds
  Import took 0.008684 seconds .

========================================================================
Received Import Request.
  Time since last request: 3.439265 seconds.
  path: Assets/Scriptable Objects/ProjectileSettings/PlayerProjectilesSettingsSO.asset
  artifactKey: Guid(5406d94b00fa0f449995541661b57aac) Importer(815301076,1909f56bfc062723c751e8b465ee728b)
Start importing Assets/Scriptable Objects/ProjectileSettings/PlayerProjectilesSettingsSO.asset using Guid(5406d94b00fa0f449995541661b57aac) Importer(815301076,1909f56bfc062723c751e8b465ee728b)  -> (artifact id: 'efed3b3c8c408fc4d2fcd1443ad326e1') in 0.005924 seconds
  Import took 0.009167 seconds .

========================================================================
Received Import Request.
  Time since last request: 0.633286 seconds.
  path: Assets/Scriptable Objects/ProjectileSettings/PlayerProjectilesSettingsSO.asset
  artifactKey: Guid(5406d94b00fa0f449995541661b57aac) Importer(815301076,1909f56bfc062723c751e8b465ee728b)
Start importing Assets/Scriptable Objects/ProjectileSettings/PlayerProjectilesSettingsSO.asset using Guid(5406d94b00fa0f449995541661b57aac) Importer(815301076,1909f56bfc062723c751e8b465ee728b)  -> (artifact id: 'eb960a0cc5ab1f5e5ae4d4c0cd773d91') in 0.001606 seconds
  Import took 0.004597 seconds .

========================================================================
Received Import Request.
  Time since last request: 14.061717 seconds.
  path: Assets/Scriptable Objects/Spawn Sequences/EasyWavySpawnSequence.asset
  artifactKey: Guid(80477bcb790ff8e47a4a7e6f80599895) Importer(815301076,1909f56bfc062723c751e8b465ee728b)
Start importing Assets/Scriptable Objects/Spawn Sequences/EasyWavySpawnSequence.asset using Guid(80477bcb790ff8e47a4a7e6f80599895) Importer(815301076,1909f56bfc062723c751e8b465ee728b)  -> (artifact id: 'a15178f98158219c8d9f13a61815874c') in 0.006603 seconds
  Import took 0.009539 seconds .

========================================================================
Received Import Request.
  Time since last request: 24.813914 seconds.
  path: Assets/Scriptable Objects/Spawn Sequences/EasyWavySpawnSequence.asset
  artifactKey: Guid(80477bcb790ff8e47a4a7e6f80599895) Importer(815301076,1909f56bfc062723c751e8b465ee728b)
Start importing Assets/Scriptable Objects/Spawn Sequences/EasyWavySpawnSequence.asset using Guid(80477bcb790ff8e47a4a7e6f80599895) Importer(815301076,1909f56bfc062723c751e8b465ee728b)  -> (artifact id: '701902489fb568765f6277683852d37d') in 0.003700 seconds
  Import took 0.010039 seconds .

========================================================================
Received Prepare
Registering precompiled user dll's ...
Registered in 0.000857 seconds.
Begin MonoManager ReloadAssembly
Native extension for WindowsStandalone target not found
Native extension for WebGL target not found
Refreshing native plugins compatible for Editor in 0.36 ms, found 1 plugins.
Preloading 0 native plugins for Editor in 0.00 ms.
Invoked RoslynAnalysisRunner static constructor.
RoslynAnalysisRunner will not be running.
RoslynAnalysisRunner has terminated.
Mono: successfully reloaded assembly
- Completed reload, in  0.721 seconds
Platform modules already initialized, skipping
Refreshing native plugins compatible for Editor in 0.37 ms, found 1 plugins.
Preloading 0 native plugins for Editor in 0.00 ms.
Unloading 2077 Unused Serialized files (Serialized files now loaded: 0)
System memory in use before: 99.6 MB.
System memory in use after: 99.6 MB.

Unloading 13 unused Assets to reduce memory usage. Loaded Objects now: 2589.
Total: 2.067000 ms (FindLiveObjects: 0.221800 ms CreateObjectMapping: 0.088300 ms MarkObjects: 1.662300 ms  DeleteObjects: 0.093900 ms)

========================================================================
Received Prepare
Registering precompiled user dll's ...
Registered in 0.000814 seconds.
Begin MonoManager ReloadAssembly
Native extension for WindowsStandalone target not found
Native extension for WebGL target not found
Refreshing native plugins compatible for Editor in 0.36 ms, found 1 plugins.
Preloading 0 native plugins for Editor in 0.00 ms.
Invoked RoslynAnalysisRunner static constructor.
RoslynAnalysisRunner will not be running.
RoslynAnalysisRunner has terminated.
Mono: successfully reloaded assembly
- Completed reload, in  0.756 seconds
Platform modules already initialized, skipping
Refreshing native plugins compatible for Editor in 0.39 ms, found 1 plugins.
Preloading 0 native plugins for Editor in 0.00 ms.
Unloading 2077 Unused Serialized files (Serialized files now loaded: 0)
System memory in use before: 99.6 MB.
System memory in use after: 99.6 MB.

Unloading 13 unused Assets to reduce memory usage. Loaded Objects now: 2593.
Total: 2.416300 ms (FindLiveObjects: 0.316900 ms CreateObjectMapping: 0.129400 ms MarkObjects: 1.864200 ms  DeleteObjects: 0.105000 ms)

========================================================================
Received Import Request.
  Time since last request: 647.129741 seconds.
  path: Assets/Scriptable Objects/SO Scripts/DifficultyLevelSO.cs
  artifactKey: Guid(790d6e59e88d8e84486495b8ee5b8777) Importer(815301076,1909f56bfc062723c751e8b465ee728b)
Start importing Assets/Scriptable Objects/SO Scripts/DifficultyLevelSO.cs using Guid(790d6e59e88d8e84486495b8ee5b8777) Importer(815301076,1909f56bfc062723c751e8b465ee728b)  -> (artifact id: '1c5c222f529174d4520bd897c2290387') in 0.004408 seconds
  Import took 0.010525 seconds .

========================================================================
Received Prepare
Registering precompiled user dll's ...
Registered in 0.000911 seconds.
Begin MonoManager ReloadAssembly
Native extension for WindowsStandalone target not found
Native extension for WebGL target not found
Refreshing native plugins compatible for Editor in 0.35 ms, found 1 plugins.
Preloading 0 native plugins for Editor in 0.00 ms.
Invoked RoslynAnalysisRunner static constructor.
RoslynAnalysisRunner will not be running.
RoslynAnalysisRunner has terminated.
Mono: successfully reloaded assembly
- Completed reload, in  0.715 seconds
Platform modules already initialized, skipping
Refreshing native plugins compatible for Editor in 0.35 ms, found 1 plugins.
Preloading 0 native plugins for Editor in 0.00 ms.
Unloading 2077 Unused Serialized files (Serialized files now loaded: 0)
System memory in use before: 99.6 MB.
System memory in use after: 99.6 MB.

Unloading 13 unused Assets to reduce memory usage. Loaded Objects now: 2597.
Total: 1.894800 ms (FindLiveObjects: 0.179300 ms CreateObjectMapping: 0.068700 ms MarkObjects: 1.560000 ms  DeleteObjects: 0.086000 ms)

========================================================================
Received Import Request.
  Time since last request: 394.461892 seconds.
  path: Assets/Scriptable Objects/SO Scripts/DifficultyLevelSO.cs
  artifactKey: Guid(790d6e59e88d8e84486495b8ee5b8777) Importer(815301076,1909f56bfc062723c751e8b465ee728b)
Start importing Assets/Scriptable Objects/SO Scripts/DifficultyLevelSO.cs using Guid(790d6e59e88d8e84486495b8ee5b8777) Importer(815301076,1909f56bfc062723c751e8b465ee728b)  -> (artifact id: '46e74d461398b9319bb9d4d7ed8ea7e8') in 0.005036 seconds
  Import took 0.007715 seconds .

========================================================================
Received Import Request.
  Time since last request: 4.225307 seconds.
  path: Assets/Scriptable Objects/Difficulty Settings/DifficultyLevelSettingsSO.asset
  artifactKey: Guid(2aea677d28ba2094287e95649d22a96b) Importer(815301076,1909f56bfc062723c751e8b465ee728b)
Start importing Assets/Scriptable Objects/Difficulty Settings/DifficultyLevelSettingsSO.asset using Guid(2aea677d28ba2094287e95649d22a96b) Importer(815301076,1909f56bfc062723c751e8b465ee728b)  -> (artifact id: '03e0642924d5dd3e888259247eda3536') in 0.011391 seconds
  Import took 0.014438 seconds .

========================================================================
Received Prepare
Registering precompiled user dll's ...
Registered in 0.000790 seconds.
Begin MonoManager ReloadAssembly
Native extension for WindowsStandalone target not found
Native extension for WebGL target not found
Refreshing native plugins compatible for Editor in 0.36 ms, found 1 plugins.
Preloading 0 native plugins for Editor in 0.00 ms.
Invoked RoslynAnalysisRunner static constructor.
RoslynAnalysisRunner will not be running.
RoslynAnalysisRunner has terminated.
Mono: successfully reloaded assembly
- Completed reload, in  0.724 seconds
Platform modules already initialized, skipping
Refreshing native plugins compatible for Editor in 0.36 ms, found 1 plugins.
Preloading 0 native plugins for Editor in 0.00 ms.
Unloading 2077 Unused Serialized files (Serialized files now loaded: 0)
System memory in use before: 99.6 MB.
System memory in use after: 99.6 MB.

Unloading 13 unused Assets to reduce memory usage. Loaded Objects now: 2601.
Total: 1.901100 ms (FindLiveObjects: 0.187800 ms CreateObjectMapping: 0.068900 ms MarkObjects: 1.559700 ms  DeleteObjects: 0.084000 ms)

========================================================================
Received Import Request.
  Time since last request: 102.851263 seconds.
  path: Assets/Scriptable Objects/Spawn Sequences/EasyWavySpawnSequence.asset
  artifactKey: Guid(80477bcb790ff8e47a4a7e6f80599895) Importer(815301076,1909f56bfc062723c751e8b465ee728b)
Start importing Assets/Scriptable Objects/Spawn Sequences/EasyWavySpawnSequence.asset using Guid(80477bcb790ff8e47a4a7e6f80599895) Importer(815301076,1909f56bfc062723c751e8b465ee728b)  -> (artifact id: '1367cb56c9b611aacbf77477673761b5') in 0.012496 seconds
  Import took 0.015487 seconds .

========================================================================
Received Import Request.
  Time since last request: 0.000400 seconds.
  path: Assets/Scriptable Objects/Spawn Sequences/EasyWavySpawnSequence.asset
  artifactKey: Guid(80477bcb790ff8e47a4a7e6f80599895) Importer(815301076,1909f56bfc062723c751e8b465ee728b)
Start importing Assets/Scriptable Objects/Spawn Sequences/EasyWavySpawnSequence.asset using Guid(80477bcb790ff8e47a4a7e6f80599895) Importer(815301076,1909f56bfc062723c751e8b465ee728b)  -> (artifact id: '1367cb56c9b611aacbf77477673761b5') in 0.002284 seconds
  Import took 0.004972 seconds .

